<?xml version="1.0"?>
<testsuites>
  <testsuite name="PhantomJS 1.9.7 (Mac OS X)" package="undefined" timestamp="2014-09-02T09:44:09" id="0" hostname="INjaideepk.local" tests="0" errors="1" failures="0" time="0">
    <properties>
      <property name="browser.fullName" value="Mozilla/5.0 (Macintosh; Intel Mac OS X) AppleWebKit/534.34 (KHTML, like Gecko) PhantomJS/1.9.7 Safari/534.34"/>
    </properties>
    <system-out><![CDATA[PhantomJS 1.9.7 (Mac OS X) ERROR
  SyntaxError: Parse error
  at /Users/jaideepk/Documents/My_Stuff/Project/Ajab-Shahar-TW/AjabShahar/public/test/js/unit/Introduction/splashScreens/splashScreenControllerSpec.js:15

]]></system-out>
    <system-err/>
  </testsuite>
</testsuites>
