<?xml version="1.0"?>
<testsuites>
  <testsuite name="PhantomJS 1.9.7 (Mac OS X)" package="" timestamp="2014-09-02T12:47:51" id="0" hostname="akritiay.corporate.thoughtworks.com">
    <properties>
      <property name="browser.fullName" value="Mozilla/5.0 (Macintosh; Intel Mac OS X) AppleWebKit/534.34 (KHTML, like Gecko) PhantomJS/1.9.7 Safari/534.34"/>
    </properties>
  </testsuite>
  <testsuite name="PhantomJS 1.9.7 (Mac OS X)" package="" timestamp="2014-09-02T12:47:51" id="0" hostname="akritiay.corporate.thoughtworks.com" tests="1" errors="0" failures="0" time="0.006">
    <properties>
      <property name="browser.fullName" value="Mozilla/5.0 (Macintosh; Intel Mac OS X) AppleWebKit/534.34 (KHTML, like Gecko) PhantomJS/1.9.7 Safari/534.34"/>
    </properties>
    <testcase name="should contain video-url randomly choosen from the list of video urls" time="0.006" classname="PhantomJS 1.9.7 (Mac OS X).SplashScreenController Specs"/>
    <system-out><![CDATA[
]]></system-out>
    <system-err/>
  </testsuite>
</testsuites>
